{"uid":"1970d45955997b81","name":"test_creating_podcast","fullName":"tests.test_creating_podcast#test_creating_podcast","historyId":"b270d0aa38c18209a6d611a883cc0568","time":{"start":1691591636488,"stop":1691591652439,"duration":15951},"status":"failed","statusMessage":"selene.core.exceptions.TimeoutException: Message: \n\nTimed out after 4s, while waiting for:\nbrowser.element(('css selector', '[data-spec=\"podcaster-author-tab-settings\"]')).click\n\nReason: NoSuchElementException: Message: no such element: Unable to locate element: {\"method\":\"css selector\",\"selector\":\"[data-spec=\"podcaster-author-tab-settings\"]\"}\n  (Session info: chrome=115.0.5790.102); For documentation on this error, please visit: https://www.selenium.dev/documentation/webdriver/troubleshooting/errors#no-such-element-exception\nStacktrace:\n#0 0x561ae0d34783 <unknown>\n#1 0x561ae0a60917 <unknown>\n#2 0x561ae0a9f31b <unknown>\n#3 0x561ae0a9f411 <unknown>\n#4 0x561ae0ada674 <unknown>\n#5 0x561ae0abfe2d <unknown>\n#6 0x561ae0ad80d9 <unknown>\n#7 0x561ae0abfbd3 <unknown>\n#8 0x561ae0a93a7b <unknown>\n#9 0x561ae0a9481e <unknown>\n#10 0x561ae0cf5e98 <unknown>\n#11 0x561ae0cf9d67 <unknown>\n#12 0x561ae0d0432c <unknown>\n#13 0x561ae0cfa993 <unknown>\n#14 0x561ae0cc9827 <unknown>\n#15 0x561ae0d1e8a8 <unknown>\n#16 0x561ae0d1ea36 <unknown>\n#17 0x561ae0d2d5f3 <unknown>\n#18 0x7f2375da1b43 <unknown>\n\nScreenshot: file:///home/runner/.selene/screenshots/1691591498674/1691591498675.png\nPageSource: file:///home/runner/.selene/screenshots/1691591498674/1691591498675.html","statusTrace":"fn = <selene.core.wait.Command object at 0x7f73b7bfb1d0>\n\n    def logic(fn: Callable[[E], R]) -> R:\n        finish_time = time.time() + self._timeout\n    \n        while True:\n            try:\n>               return fn(self.entity)\n\n/opt/hostedtoolcache/Python/3.11.4/x64/lib/python3.11/site-packages/selene/core/wait.py:119: \n_ _ _ _ _ _ _ _ _ _ _ _ _ _ _ _ _ _ _ _ _ _ _ _ _ _ _ _ _ _ _ _ _ _ _ _ _ _ _ _ \n/opt/hostedtoolcache/Python/3.11.4/x64/lib/python3.11/site-packages/selene/core/wait.py:61: in __call__\n    return self._fn(entity)\n/opt/hostedtoolcache/Python/3.11.4/x64/lib/python3.11/site-packages/selene/core/entity.py:529: in raw_click\n    element.locate().click()\n/opt/hostedtoolcache/Python/3.11.4/x64/lib/python3.11/site-packages/selene/core/entity.py:189: in locate\n    return self._locator()\n/opt/hostedtoolcache/Python/3.11.4/x64/lib/python3.11/site-packages/selene/core/locator.py:34: in __call__\n    return self._locate()\n/opt/hostedtoolcache/Python/3.11.4/x64/lib/python3.11/site-packages/selene/core/entity.py:1133: in <lambda>\n    Locator(f'{self}.element({by})', lambda: self.driver.find_element(*by)),\n/opt/hostedtoolcache/Python/3.11.4/x64/lib/python3.11/site-packages/selenium/webdriver/remote/webdriver.py:740: in find_element\n    return self.execute(Command.FIND_ELEMENT, {\"using\": by, \"value\": value})[\"value\"]\n/opt/hostedtoolcache/Python/3.11.4/x64/lib/python3.11/site-packages/selenium/webdriver/remote/webdriver.py:346: in execute\n    self.error_handler.check_response(response)\n_ _ _ _ _ _ _ _ _ _ _ _ _ _ _ _ _ _ _ _ _ _ _ _ _ _ _ _ _ _ _ _ _ _ _ _ _ _ _ _ \n\nself = <selenium.webdriver.remote.errorhandler.ErrorHandler object at 0x7f73b7bf94d0>\nresponse = {'status': 404, 'value': '{\"value\":{\"error\":\"no such element\",\"message\":\"no such element: Unable to locate element: {\\...\\\\n#16 0x561ae0d1ea36 \\\\u003Cunknown>\\\\n#17 0x561ae0d2d5f3 \\\\u003Cunknown>\\\\n#18 0x7f2375da1b43 \\\\u003Cunknown>\\\\n\"}}'}\n\n    def check_response(self, response: Dict[str, Any]) -> None:\n        \"\"\"Checks that a JSON response from the WebDriver does not have an\n        error.\n    \n        :Args:\n         - response - The JSON response from the WebDriver server as a dictionary\n           object.\n    \n        :Raises: If the response contains an error message.\n        \"\"\"\n        status = response.get(\"status\", None)\n        if not status or status == ErrorCode.SUCCESS:\n            return\n        value = None\n        message = response.get(\"message\", \"\")\n        screen: str = response.get(\"screen\", \"\")\n        stacktrace = None\n        if isinstance(status, int):\n            value_json = response.get(\"value\", None)\n            if value_json and isinstance(value_json, str):\n                import json\n    \n                try:\n                    value = json.loads(value_json)\n                    if len(value) == 1:\n                        value = value[\"value\"]\n                    status = value.get(\"error\", None)\n                    if not status:\n                        status = value.get(\"status\", ErrorCode.UNKNOWN_ERROR)\n                        message = value.get(\"value\") or value.get(\"message\")\n                        if not isinstance(message, str):\n                            value = message\n                            message = message.get(\"message\")\n                    else:\n                        message = value.get(\"message\", None)\n                except ValueError:\n                    pass\n    \n        exception_class: Type[WebDriverException]\n        if status in ErrorCode.NO_SUCH_ELEMENT:\n            exception_class = NoSuchElementException\n        elif status in ErrorCode.NO_SUCH_FRAME:\n            exception_class = NoSuchFrameException\n        elif status in ErrorCode.NO_SUCH_SHADOW_ROOT:\n            exception_class = NoSuchShadowRootException\n        elif status in ErrorCode.NO_SUCH_WINDOW:\n            exception_class = NoSuchWindowException\n        elif status in ErrorCode.STALE_ELEMENT_REFERENCE:\n            exception_class = StaleElementReferenceException\n        elif status in ErrorCode.ELEMENT_NOT_VISIBLE:\n            exception_class = ElementNotVisibleException\n        elif status in ErrorCode.INVALID_ELEMENT_STATE:\n            exception_class = InvalidElementStateException\n        elif (\n            status in ErrorCode.INVALID_SELECTOR\n            or status in ErrorCode.INVALID_XPATH_SELECTOR\n            or status in ErrorCode.INVALID_XPATH_SELECTOR_RETURN_TYPER\n        ):\n            exception_class = InvalidSelectorException\n        elif status in ErrorCode.ELEMENT_IS_NOT_SELECTABLE:\n            exception_class = ElementNotSelectableException\n        elif status in ErrorCode.ELEMENT_NOT_INTERACTABLE:\n            exception_class = ElementNotInteractableException\n        elif status in ErrorCode.INVALID_COOKIE_DOMAIN:\n            exception_class = InvalidCookieDomainException\n        elif status in ErrorCode.UNABLE_TO_SET_COOKIE:\n            exception_class = UnableToSetCookieException\n        elif status in ErrorCode.TIMEOUT:\n            exception_class = TimeoutException\n        elif status in ErrorCode.SCRIPT_TIMEOUT:\n            exception_class = TimeoutException\n        elif status in ErrorCode.UNKNOWN_ERROR:\n            exception_class = WebDriverException\n        elif status in ErrorCode.UNEXPECTED_ALERT_OPEN:\n            exception_class = UnexpectedAlertPresentException\n        elif status in ErrorCode.NO_ALERT_OPEN:\n            exception_class = NoAlertPresentException\n        elif status in ErrorCode.IME_NOT_AVAILABLE:\n            exception_class = ImeNotAvailableException\n        elif status in ErrorCode.IME_ENGINE_ACTIVATION_FAILED:\n            exception_class = ImeActivationFailedException\n        elif status in ErrorCode.MOVE_TARGET_OUT_OF_BOUNDS:\n            exception_class = MoveTargetOutOfBoundsException\n        elif status in ErrorCode.JAVASCRIPT_ERROR:\n            exception_class = JavascriptException\n        elif status in ErrorCode.SESSION_NOT_CREATED:\n            exception_class = SessionNotCreatedException\n        elif status in ErrorCode.INVALID_ARGUMENT:\n            exception_class = InvalidArgumentException\n        elif status in ErrorCode.NO_SUCH_COOKIE:\n            exception_class = NoSuchCookieException\n        elif status in ErrorCode.UNABLE_TO_CAPTURE_SCREEN:\n            exception_class = ScreenshotException\n        elif status in ErrorCode.ELEMENT_CLICK_INTERCEPTED:\n            exception_class = ElementClickInterceptedException\n        elif status in ErrorCode.INSECURE_CERTIFICATE:\n            exception_class = InsecureCertificateException\n        elif status in ErrorCode.INVALID_COORDINATES:\n            exception_class = InvalidCoordinatesException\n        elif status in ErrorCode.INVALID_SESSION_ID:\n            exception_class = InvalidSessionIdException\n        elif status in ErrorCode.UNKNOWN_METHOD:\n            exception_class = UnknownMethodException\n        else:\n            exception_class = WebDriverException\n        if not value:\n            value = response[\"value\"]\n        if isinstance(value, str):\n            raise exception_class(value)\n        if message == \"\" and \"message\" in value:\n            message = value[\"message\"]\n    \n        screen = None  # type: ignore[assignment]\n        if \"screen\" in value:\n            screen = value[\"screen\"]\n    \n        stacktrace = None\n        st_value = value.get(\"stackTrace\") or value.get(\"stacktrace\")\n        if st_value:\n            if isinstance(st_value, str):\n                stacktrace = st_value.split(\"\\n\")\n            else:\n                stacktrace = []\n                try:\n                    for frame in st_value:\n                        line = frame.get(\"lineNumber\", \"\")\n                        file = frame.get(\"fileName\", \"<anonymous>\")\n                        if line:\n                            file = f\"{file}:{line}\"\n                        meth = frame.get(\"methodName\", \"<anonymous>\")\n                        if \"className\" in frame:\n                            meth = f\"{frame['className']}.{meth}\"\n                        msg = \"    at %s (%s)\"\n                        msg = msg % (meth, file)\n                        stacktrace.append(msg)\n                except TypeError:\n                    pass\n        if exception_class == UnexpectedAlertPresentException:\n            alert_text = None\n            if \"data\" in value:\n                alert_text = value[\"data\"].get(\"text\")\n            elif \"alert\" in value:\n                alert_text = value[\"alert\"].get(\"text\")\n            raise exception_class(message, screen, stacktrace, alert_text)  # type: ignore[call-arg]  # mypy is not smart enough here\n>       raise exception_class(message, screen, stacktrace)\nE       selenium.common.exceptions.NoSuchElementException: Message: no such element: Unable to locate element: {\"method\":\"css selector\",\"selector\":\"[data-spec=\"podcaster-author-tab-settings\"]\"}\nE         (Session info: chrome=115.0.5790.102); For documentation on this error, please visit: https://www.selenium.dev/documentation/webdriver/troubleshooting/errors#no-such-element-exception\nE       Stacktrace:\nE       #0 0x561ae0d34783 <unknown>\nE       #1 0x561ae0a60917 <unknown>\nE       #2 0x561ae0a9f31b <unknown>\nE       #3 0x561ae0a9f411 <unknown>\nE       #4 0x561ae0ada674 <unknown>\nE       #5 0x561ae0abfe2d <unknown>\nE       #6 0x561ae0ad80d9 <unknown>\nE       #7 0x561ae0abfbd3 <unknown>\nE       #8 0x561ae0a93a7b <unknown>\nE       #9 0x561ae0a9481e <unknown>\nE       #10 0x561ae0cf5e98 <unknown>\nE       #11 0x561ae0cf9d67 <unknown>\nE       #12 0x561ae0d0432c <unknown>\nE       #13 0x561ae0cfa993 <unknown>\nE       #14 0x561ae0cc9827 <unknown>\nE       #15 0x561ae0d1e8a8 <unknown>\nE       #16 0x561ae0d1ea36 <unknown>\nE       #17 0x561ae0d2d5f3 <unknown>\nE       #18 0x7f2375da1b43 <unknown>\n\n/opt/hostedtoolcache/Python/3.11.4/x64/lib/python3.11/site-packages/selenium/webdriver/remote/errorhandler.py:245: NoSuchElementException\n\nDuring handling of the above exception, another exception occurred:\n\nself = <allure_commons._allure.fixture object at 0x7f73b7bf8890>, args = ()\nkwargs = {}\n\n    def __call__(self, *args, **kwargs):\n        self.parameters = func_parameters(self._fixture_function, *args, **kwargs)\n    \n        with self:\n>           return self._fixture_function(*args, **kwargs)\n\n/opt/hostedtoolcache/Python/3.11.4/x64/lib/python3.11/site-packages/allure_commons/_allure.py:221: \n_ _ _ _ _ _ _ _ _ _ _ _ _ _ _ _ _ _ _ _ _ _ _ _ _ _ _ _ _ _ _ _ _ _ _ _ _ _ _ _ \ntests/conftest.py:61: in podcaster_cabinet\n    podcaster.author_settings()\npages/podcasters_page.py:168: in author_settings\n    browser.element('[data-spec=\"podcaster-author-tab-settings\"]').click()\n/opt/hostedtoolcache/Python/3.11.4/x64/lib/python3.11/site-packages/selene/core/entity.py:533: in click\n    self.wait.for_(\n/opt/hostedtoolcache/Python/3.11.4/x64/lib/python3.11/site-packages/selene/core/wait.py:143: in for_\n    return self._decorator(self)(logic)(fn)\n_ _ _ _ _ _ _ _ _ _ _ _ _ _ _ _ _ _ _ _ _ _ _ _ _ _ _ _ _ _ _ _ _ _ _ _ _ _ _ _ \n\nfn = <selene.core.wait.Command object at 0x7f73b7bfb1d0>\n\n    def logic(fn: Callable[[E], R]) -> R:\n        finish_time = time.time() + self._timeout\n    \n        while True:\n            try:\n                return fn(self.entity)\n            except Exception as reason:\n                if time.time() > finish_time:\n                    reason_message = str(reason)\n    \n                    reason_string = '{name}: {message}'.format(\n                        name=reason.__class__.__name__,\n                        message=reason_message,\n                    )\n                    # TODO: think on how can we improve logging failures in selene, e.g. reverse msg and stacktrace\n                    # stacktrace = getattr(reason, 'stacktrace', None)\n                    timeout = self._timeout\n                    entity = self.entity\n    \n                    failure = TimeoutException(\n                        f'\\n'\n                        f'\\nTimed out after {timeout}s, while waiting for:'\n                        f'\\n{entity}.{fn}'\n                        f'\\n'\n                        f'\\nReason: {reason_string}'\n                    )\n    \n>                   raise self._hook_failure(failure)\nE                   selene.core.exceptions.TimeoutException: Message: \nE                   \nE                   Timed out after 4s, while waiting for:\nE                   browser.element(('css selector', '[data-spec=\"podcaster-author-tab-settings\"]')).click\nE                   \nE                   Reason: NoSuchElementException: Message: no such element: Unable to locate element: {\"method\":\"css selector\",\"selector\":\"[data-spec=\"podcaster-author-tab-settings\"]\"}\nE                     (Session info: chrome=115.0.5790.102); For documentation on this error, please visit: https://www.selenium.dev/documentation/webdriver/troubleshooting/errors#no-such-element-exception\nE                   Stacktrace:\nE                   #0 0x561ae0d34783 <unknown>\nE                   #1 0x561ae0a60917 <unknown>\nE                   #2 0x561ae0a9f31b <unknown>\nE                   #3 0x561ae0a9f411 <unknown>\nE                   #4 0x561ae0ada674 <unknown>\nE                   #5 0x561ae0abfe2d <unknown>\nE                   #6 0x561ae0ad80d9 <unknown>\nE                   #7 0x561ae0abfbd3 <unknown>\nE                   #8 0x561ae0a93a7b <unknown>\nE                   #9 0x561ae0a9481e <unknown>\nE                   #10 0x561ae0cf5e98 <unknown>\nE                   #11 0x561ae0cf9d67 <unknown>\nE                   #12 0x561ae0d0432c <unknown>\nE                   #13 0x561ae0cfa993 <unknown>\nE                   #14 0x561ae0cc9827 <unknown>\nE                   #15 0x561ae0d1e8a8 <unknown>\nE                   #16 0x561ae0d1ea36 <unknown>\nE                   #17 0x561ae0d2d5f3 <unknown>\nE                   #18 0x7f2375da1b43 <unknown>\nE                   \nE                   Screenshot: file:///home/runner/.selene/screenshots/1691591498674/1691591498675.png\nE                   PageSource: file:///home/runner/.selene/screenshots/1691591498674/1691591498675.html\n\n/opt/hostedtoolcache/Python/3.11.4/x64/lib/python3.11/site-packages/selene/core/wait.py:141: TimeoutException","flaky":false,"newFailed":true,"newBroken":false,"newPassed":false,"retriesCount":0,"retriesStatusChange":false,"beforeStages":[{"name":"remote_browser","time":{"start":1691591614980,"stop":1691591617138,"duration":2158},"status":"passed","steps":[],"attachments":[],"parameters":[],"stepsCount":0,"attachmentsCount":0,"shouldDisplayMessage":false,"hasContent":false},{"name":"authorization","time":{"start":1691591617138,"stop":1691591624397,"duration":7259},"status":"passed","steps":[],"attachments":[],"parameters":[],"stepsCount":0,"attachmentsCount":0,"shouldDisplayMessage":false,"hasContent":false},{"name":"podcaster_cabinet","time":{"start":1691591624398,"stop":1691591625356,"duration":958},"status":"passed","steps":[],"attachments":[],"parameters":[],"stepsCount":0,"attachmentsCount":0,"shouldDisplayMessage":false,"hasContent":false},{"name":"creating_author","time":{"start":1691591625357,"stop":1691591636487,"duration":11130},"status":"passed","steps":[],"attachments":[],"parameters":[],"stepsCount":0,"attachmentsCount":0,"shouldDisplayMessage":false,"hasContent":false}],"afterStages":[{"name":"podcaster_cabinet::0","time":{"start":1691591652440,"stop":1691591657872,"duration":5432},"status":"failed","statusMessage":"selene.core.exceptions.TimeoutException: Message: \n\nTimed out after 4s, while waiting for:\nbrowser.element(('css selector', '[data-spec=\"podcaster-author-tab-settings\"]')).click\n\nReason: NoSuchElementException: Message: no such element: Unable to locate element: {\"method\":\"css selector\",\"selector\":\"[data-spec=\"podcaster-author-tab-settings\"]\"}\n  (Session info: chrome=115.0.5790.102); For documentation on this error, please visit: https://www.selenium.dev/documentation/webdriver/troubleshooting/errors#no-such-element-exception\nStacktrace:\n#0 0x561ae0d34783 <unknown>\n#1 0x561ae0a60917 <unknown>\n#2 0x561ae0a9f31b <unknown>\n#3 0x561ae0a9f411 <unknown>\n#4 0x561ae0ada674 <unknown>\n#5 0x561ae0abfe2d <unknown>\n#6 0x561ae0ad80d9 <unknown>\n#7 0x561ae0abfbd3 <unknown>\n#8 0x561ae0a93a7b <unknown>\n#9 0x561ae0a9481e <unknown>\n#10 0x561ae0cf5e98 <unknown>\n#11 0x561ae0cf9d67 <unknown>\n#12 0x561ae0d0432c <unknown>\n#13 0x561ae0cfa993 <unknown>\n#14 0x561ae0cc9827 <unknown>\n#15 0x561ae0d1e8a8 <unknown>\n#16 0x561ae0d1ea36 <unknown>\n#17 0x561ae0d2d5f3 <unknown>\n#18 0x7f2375da1b43 <unknown>\n\nScreenshot: file:///home/runner/.selene/screenshots/1691591498674/1691591498675.png\nPageSource: file:///home/runner/.selene/screenshots/1691591498674/1691591498675.html\n\n","statusTrace":"  File \"/opt/hostedtoolcache/Python/3.11.4/x64/lib/python3.11/site-packages/allure_commons/_allure.py\", line 221, in __call__\n    return self._fixture_function(*args, **kwargs)\n           ^^^^^^^^^^^^^^^^^^^^^^^^^^^^^^^^^^^^^^^\n  File \"/opt/hostedtoolcache/Python/3.11.4/x64/lib/python3.11/site-packages/_pytest/fixtures.py\", line 911, in _teardown_yield_fixture\n    next(it)\n  File \"/home/runner/work/RedBasset/RedBasset/tests/conftest.py\", line 61, in podcaster_cabinet\n    podcaster.author_settings()\n  File \"/home/runner/work/RedBasset/RedBasset/pages/podcasters_page.py\", line 168, in author_settings\n    browser.element('[data-spec=\"podcaster-author-tab-settings\"]').click()\n  File \"/opt/hostedtoolcache/Python/3.11.4/x64/lib/python3.11/site-packages/selene/core/entity.py\", line 533, in click\n    self.wait.for_(\n  File \"/opt/hostedtoolcache/Python/3.11.4/x64/lib/python3.11/site-packages/selene/core/wait.py\", line 143, in for_\n    return self._decorator(self)(logic)(fn)\n           ^^^^^^^^^^^^^^^^^^^^^^^^^^^^^^^^\n  File \"/opt/hostedtoolcache/Python/3.11.4/x64/lib/python3.11/site-packages/selene/core/wait.py\", line 141, in logic\n    raise self._hook_failure(failure)\n","steps":[],"attachments":[],"parameters":[],"stepsCount":0,"attachmentsCount":0,"shouldDisplayMessage":true,"hasContent":true},{"name":"remote_browser::0","time":{"start":1691591657873,"stop":1691591658086,"duration":213},"status":"passed","steps":[],"attachments":[],"parameters":[],"stepsCount":0,"attachmentsCount":0,"shouldDisplayMessage":false,"hasContent":false}],"labels":[{"name":"parentSuite","value":"tests"},{"name":"suite","value":"test_creating_podcast"},{"name":"host","value":"fv-az244-671"},{"name":"thread","value":"2180-MainThread"},{"name":"framework","value":"pytest"},{"name":"language","value":"cpython3"},{"name":"package","value":"tests.test_creating_podcast"},{"name":"resultFormat","value":"allure2"}],"parameters":[],"links":[],"hidden":false,"retry":false,"extra":{"severity":"normal","retries":[],"categories":[{"name":"Product defects","matchedStatuses":[],"flaky":false}],"history":{"statistic":{"failed":1,"broken":2,"skipped":0,"passed":0,"unknown":0,"total":3},"items":[{"uid":"bdde2803feb21a27","reportUrl":"https://SerovVl.github.io/RedBasset/15//#testresult/bdde2803feb21a27","status":"broken","statusDetails":"urllib3.exceptions.MaxRetryError: HTTPConnectionPool(host='127.0.0.1', port=4444): Max retries exceeded with url: /wd/hub/session (Caused by NewConnectionError('<urllib3.connection.HTTPConnection object at 0x7f7c1d7abc90>: Failed to establish a new connection: [Errno 111] Connection refused'))","time":{"start":1691591293659,"stop":1691591293659,"duration":0}},{"uid":"9e96f62b7ebba730","reportUrl":"https://SerovVl.github.io/RedBasset/14//#testresult/9e96f62b7ebba730","status":"broken","statusDetails":"selenium.common.exceptions.WebDriverException: Message: unknown error: Chrome failed to start: exited abnormally.\n  (unknown error: DevToolsActivePort file doesn't exist)\n  (The process started from chrome location /opt/google/chrome/chrome is no longer running, so ChromeDriver is assuming that Chrome has crashed.)\nStacktrace:\n#0 0x562215916613 <unknown>\n#1 0x562215642537 <unknown>\n#2 0x56221566d588 <unknown>\n#3 0x56221566a5d9 <unknown>\n#4 0x5622156aa643 <unknown>\n#5 0x5622156a9d8f <unknown>\n#6 0x5622156a1803 <unknown>\n#7 0x56221567568b <unknown>\n#8 0x56221567642e <unknown>\n#9 0x5622158d7c28 <unknown>\n#10 0x5622158dbaf7 <unknown>\n#11 0x5622158e601c <unknown>\n#12 0x5622158dc723 <unknown>\n#13 0x5622158ab457 <unknown>\n#14 0x562215900628 <unknown>\n#15 0x5622159007b7 <unknown>\n#16 0x56221590f483 <unknown>\n#17 0x7f1d601ceb43 <unknown>","time":{"start":1691590776962,"stop":1691590776962,"duration":0}}]},"tags":[]},"source":"1970d45955997b81.json","parameterValues":[]}